# JRE version: OpenJDK Runtime Environment (11.0.11+9) (build 11.0.11+9-Ubuntu-0ubuntu2.20.04)
# Java VM: OpenJDK 64-Bit Server VM (11.0.11+9-Ubuntu-0ubuntu2.20.04, mixed mode, sharing, tiered, compressed oops, g1 gc, linux-amd64)
Heap:
 garbage-first heap   total 264192K, used 111877K [0x00000000e0000000, 0x0000000100000000)
  region size 1024K, 61 young (62464K), 16 survivors (16384K)
 Metaspace       used 75840K, capacity 78298K, committed 78588K, reserved 323584K
  class space    used 9822K, capacity 10735K, committed 10828K, reserved 253952K
GC Heap History (16 events):
Event: 0.417 GC heap before
{Heap before GC invocations=0 (full 0):
 garbage-first heap   total 264192K, used 30408K [0x00000000e0000000, 0x0000000100000000)
  region size 1024K, 24 young (24576K), 0 survivors (0K)
 Metaspace       used 3899K, capacity 6588K, committed 6784K, reserved 262144K
  class space    used 508K, capacity 772K, committed 896K, reserved 253952K
}
Event: 0.425 GC heap after
{Heap after GC invocations=1 (full 0):
 garbage-first heap   total 264192K, used 8570K [0x00000000e0000000, 0x0000000100000000)
  region size 1024K, 3 young (3072K), 3 survivors (3072K)
 Metaspace       used 3899K, capacity 6588K, committed 6784K, reserved 262144K
  class space    used 508K, capacity 772K, committed 896K, reserved 253952K
}
Event: 1.648 GC heap before
{Heap before GC invocations=1 (full 0):
 garbage-first heap   total 264192K, used 146810K [0x00000000e0000000, 0x0000000100000000)
  region size 1024K, 140 young (143360K), 3 survivors (3072K)
 Metaspace       used 20608K, capacity 21139K, committed 21296K, reserved 272384K
  class space    used 2989K, capacity 3172K, committed 3200K, reserved 253952K
}
Event: 1.669 GC heap after
{Heap after GC invocations=2 (full 0):
 garbage-first heap   total 264192K, used 18014K [0x00000000e0000000, 0x0000000100000000)
  region size 1024K, 13 young (13312K), 13 survivors (13312K)
 Metaspace       used 20608K, capacity 21139K, committed 21296K, reserved 272384K
  class space    used 2989K, capacity 3172K, committed 3200K, reserved 253952K
}
Event: 3.181 GC heap before
{Heap before GC invocations=3 (full 0):
 garbage-first heap   total 264192K, used 110174K [0x00000000e0000000, 0x0000000100000000)
  region size 1024K, 101 young (103424K), 13 survivors (13312K)
 Metaspace       used 31445K, capacity 32353K, committed 32636K, reserved 282624K
  class space    used 4352K, capacity 4692K, committed 4812K, reserved 253952K
}
Event: 3.217 GC heap after
{Heap after GC invocations=4 (full 0):
 garbage-first heap   total 264192K, used 25258K [0x00000000e0000000, 0x0000000100000000)
  region size 1024K, 8 young (8192K), 8 survivors (8192K)
 Metaspace       used 31445K, capacity 32353K, committed 32636K, reserved 282624K
  class space    used 4352K, capacity 4692K, committed 4812K, reserved 253952K
}
Event: 3.698 GC heap before
{Heap before GC invocations=4 (full 0):
 garbage-first heap   total 264192K, used 79530K [0x00000000e0000000, 0x0000000100000000)
  region size 1024K, 60 young (61440K), 8 survivors (8192K)
 Metaspace       used 34803K, capacity 35842K, committed 36048K, reserved 286720K
  class space    used 4769K, capacity 5153K, committed 5196K, reserved 253952K
}
Event: 3.729 GC heap after
{Heap after GC invocations=5 (full 0):
 garbage-first heap   total 264192K, used 33979K [0x00000000e0000000, 0x0000000100000000)
  region size 1024K, 14 young (14336K), 14 survivors (14336K)
 Metaspace       used 34803K, capacity 35842K, committed 36048K, reserved 286720K
  class space    used 4769K, capacity 5153K, committed 5196K, reserved 253952K
}
Event: 5.513 GC heap before
{Heap before GC invocations=6 (full 0):
 garbage-first heap   total 264192K, used 176315K [0x00000000e0000000, 0x0000000100000000)
  region size 1024K, 153 young (156672K), 14 survivors (14336K)
 Metaspace       used 50468K, capacity 52076K, committed 52476K, reserved 299008K
  class space    used 6764K, capacity 7369K, committed 7500K, reserved 253952K
}
Event: 5.546 GC heap after
{Heap after GC invocations=7 (full 0):
 garbage-first heap   total 264192K, used 44589K [0x00000000e0000000, 0x0000000100000000)
  region size 1024K, 18 young (18432K), 18 survivors (18432K)
 Metaspace       used 50468K, capacity 52076K, committed 52476K, reserved 299008K
  class space    used 6764K, capacity 7369K, committed 7500K, reserved 253952K
}
Event: 6.654 GC heap before
{Heap before GC invocations=7 (full 0):
 garbage-first heap   total 264192K, used 136749K [0x00000000e0000000, 0x0000000100000000)
  region size 1024K, 109 young (111616K), 18 survivors (18432K)
 Metaspace       used 58755K, capacity 60382K, committed 60540K, reserved 307200K
  class space    used 7987K, capacity 8620K, committed 8652K, reserved 253952K
}
Event: 6.678 GC heap after
{Heap after GC invocations=8 (full 0):
 garbage-first heap   total 264192K, used 51504K [0x00000000e0000000, 0x0000000100000000)
  region size 1024K, 7 young (7168K), 7 survivors (7168K)
 Metaspace       used 58755K, capacity 60382K, committed 60540K, reserved 307200K
  class space    used 7987K, capacity 8620K, committed 8652K, reserved 253952K
}
Event: 8.083 GC heap before
{Heap before GC invocations=9 (full 0):
 garbage-first heap   total 264192K, used 191792K [0x00000000e0000000, 0x0000000100000000)
  region size 1024K, 145 young (148480K), 7 survivors (7168K)
 Metaspace       used 64901K, capacity 67006K, committed 67196K, reserved 313344K
  class space    used 8821K, capacity 9625K, committed 9676K, reserved 253952K
}
Event: 8.101 GC heap after
{Heap after GC invocations=10 (full 0):
 garbage-first heap   total 264192K, used 60498K [0x00000000e0000000, 0x0000000100000000)
  region size 1024K, 16 young (16384K), 16 survivors (16384K)
 Metaspace       used 64901K, capacity 67006K, committed 67196K, reserved 313344K
  class space    used 8821K, capacity 9625K, committed 9676K, reserved 253952K
}
Event: 383.246 GC heap before
{Heap before GC invocations=10 (full 0):
 garbage-first heap   total 264192K, used 197714K [0x00000000e0000000, 0x0000000100000000)
  region size 1024K, 151 young (154624K), 16 survivors (16384K)
 Metaspace       used 74203K, capacity 76376K, committed 76540K, reserved 321536K
  class space    used 9639K, capacity 10462K, committed 10572K, reserved 253952K
}
Event: 383.257 GC heap after
{Heap after GC invocations=11 (full 0):
 garbage-first heap   total 264192K, used 66821K [0x00000000e0000000, 0x0000000100000000)
  region size 1024K, 16 young (16384K), 16 survivors (16384K)
 Metaspace       used 74203K, capacity 76376K, committed 76540K, reserved 321536K
  class space    used 9639K, capacity 10462K, committed 10572K, reserved 253952K
}

