# JRE version: OpenJDK Runtime Environment (11.0.11+9) (build 11.0.11+9-Ubuntu-0ubuntu2.20.04)
# Java VM: OpenJDK 64-Bit Server VM (11.0.11+9-Ubuntu-0ubuntu2.20.04, mixed mode, sharing, tiered, compressed oops, g1 gc, linux-amd64)
Heap:
 garbage-first heap   total 264192K, used 61320K [0x00000000e0000000, 0x0000000100000000)
  region size 1024K, 19 young (19456K), 18 survivors (18432K)
 Metaspace       used 69318K, capacity 71446K, committed 71548K, reserved 315392K
  class space    used 9300K, capacity 10118K, committed 10188K, reserved 253952K
GC Heap History (14 events):
Event: 0.343 GC heap before
{Heap before GC invocations=0 (full 0):
 garbage-first heap   total 264192K, used 30408K [0x00000000e0000000, 0x0000000100000000)
  region size 1024K, 24 young (24576K), 0 survivors (0K)
 Metaspace       used 3911K, capacity 6588K, committed 6784K, reserved 262144K
  class space    used 508K, capacity 772K, committed 896K, reserved 253952K
}
Event: 0.351 GC heap after
{Heap after GC invocations=1 (full 0):
 garbage-first heap   total 264192K, used 8923K [0x00000000e0000000, 0x0000000100000000)
  region size 1024K, 3 young (3072K), 3 survivors (3072K)
 Metaspace       used 3911K, capacity 6588K, committed 6784K, reserved 262144K
  class space    used 508K, capacity 772K, committed 896K, reserved 253952K
}
Event: 1.461 GC heap before
{Heap before GC invocations=1 (full 0):
 garbage-first heap   total 264192K, used 149211K [0x00000000e0000000, 0x0000000100000000)
  region size 1024K, 142 young (145408K), 3 survivors (3072K)
 Metaspace       used 20589K, capacity 21087K, committed 21296K, reserved 272384K
  class space    used 2989K, capacity 3172K, committed 3200K, reserved 253952K
}
Event: 1.472 GC heap after
{Heap after GC invocations=2 (full 0):
 garbage-first heap   total 264192K, used 18070K [0x00000000e0000000, 0x0000000100000000)
  region size 1024K, 12 young (12288K), 12 survivors (12288K)
 Metaspace       used 20589K, capacity 21087K, committed 21296K, reserved 272384K
  class space    used 2989K, capacity 3172K, committed 3200K, reserved 253952K
}
Event: 3.078 GC heap before
{Heap before GC invocations=3 (full 0):
 garbage-first heap   total 264192K, used 129686K [0x00000000e0000000, 0x0000000100000000)
  region size 1024K, 119 young (121856K), 12 survivors (12288K)
 Metaspace       used 33096K, capacity 33963K, committed 34300K, reserved 284672K
  class space    used 4577K, capacity 4927K, committed 4940K, reserved 253952K
}
Event: 3.095 GC heap after
{Heap after GC invocations=4 (full 0):
 garbage-first heap   total 264192K, used 25937K [0x00000000e0000000, 0x0000000100000000)
  region size 1024K, 8 young (8192K), 8 survivors (8192K)
 Metaspace       used 33096K, capacity 33963K, committed 34300K, reserved 284672K
  class space    used 4577K, capacity 4927K, committed 4940K, reserved 253952K
}
Event: 3.478 GC heap before
{Heap before GC invocations=4 (full 0):
 garbage-first heap   total 264192K, used 61777K [0x00000000e0000000, 0x0000000100000000)
  region size 1024K, 42 young (43008K), 8 survivors (8192K)
 Metaspace       used 34687K, capacity 35784K, committed 35964K, reserved 284672K
  class space    used 4766K, capacity 5192K, committed 5324K, reserved 253952K
}
Event: 3.490 GC heap after
{Heap after GC invocations=5 (full 0):
 garbage-first heap   total 264192K, used 34474K [0x00000000e0000000, 0x0000000100000000)
  region size 1024K, 15 young (15360K), 15 survivors (15360K)
 Metaspace       used 34687K, capacity 35784K, committed 35964K, reserved 284672K
  class space    used 4766K, capacity 5192K, committed 5324K, reserved 253952K
}
Event: 4.383 GC heap before
{Heap before GC invocations=6 (full 0):
 garbage-first heap   total 264192K, used 147114K [0x00000000e0000000, 0x0000000100000000)
  region size 1024K, 125 young (128000K), 15 survivors (15360K)
 Metaspace       used 47250K, capacity 48527K, committed 48892K, reserved 296960K
  class space    used 6320K, capacity 6883K, committed 6988K, reserved 253952K
}
Event: 4.397 GC heap after
{Heap after GC invocations=7 (full 0):
 garbage-first heap   total 264192K, used 43162K [0x00000000e0000000, 0x0000000100000000)
  region size 1024K, 16 young (16384K), 16 survivors (16384K)
 Metaspace       used 47250K, capacity 48527K, committed 48892K, reserved 296960K
  class space    used 6320K, capacity 6883K, committed 6988K, reserved 253952K
}
Event: 6.223 GC heap before
{Heap before GC invocations=7 (full 0):
 garbage-first heap   total 264192K, used 163994K [0x00000000e0000000, 0x0000000100000000)
  region size 1024K, 135 young (138240K), 16 survivors (16384K)
 Metaspace       used 58212K, capacity 60101K, committed 60284K, reserved 307200K
  class space    used 7886K, capacity 8604K, committed 8652K, reserved 253952K
}
Event: 6.248 GC heap after
{Heap after GC invocations=8 (full 0):
 garbage-first heap   total 264192K, used 52492K [0x00000000e0000000, 0x0000000100000000)
  region size 1024K, 18 young (18432K), 18 survivors (18432K)
 Metaspace       used 58212K, capacity 60101K, committed 60284K, reserved 307200K
  class space    used 7886K, capacity 8604K, committed 8652K, reserved 253952K
}
Event: 17.808 GC heap before
{Heap before GC invocations=9 (full 0):
 garbage-first heap   total 264192K, used 176396K [0x00000000e0000000, 0x0000000100000000)
  region size 1024K, 139 young (142336K), 18 survivors (18432K)
 Metaspace       used 69316K, capacity 71446K, committed 71548K, reserved 315392K
  class space    used 9300K, capacity 10118K, committed 10188K, reserved 253952K
}
Event: 17.839 GC heap after
{Heap after GC invocations=10 (full 0):
 garbage-first heap   total 264192K, used 61320K [0x00000000e0000000, 0x0000000100000000)
  region size 1024K, 18 young (18432K), 18 survivors (18432K)
 Metaspace       used 69316K, capacity 71446K, committed 71548K, reserved 315392K
  class space    used 9300K, capacity 10118K, committed 10188K, reserved 253952K
}

