# JRE version: OpenJDK Runtime Environment (11.0.11+9) (build 11.0.11+9-Ubuntu-0ubuntu2.20.04)
# Java VM: OpenJDK 64-Bit Server VM (11.0.11+9-Ubuntu-0ubuntu2.20.04, mixed mode, sharing, tiered, compressed oops, g1 gc, linux-amd64)
Heap:
 garbage-first heap   total 264192K, used 144323K [0x00000000e0000000, 0x0000000100000000)
  region size 1024K, 41 young (41984K), 20 survivors (20480K)
 Metaspace       used 76470K, capacity 78705K, committed 78936K, reserved 323584K
  class space    used 9997K, capacity 10802K, committed 10840K, reserved 253952K
GC Heap History (20 events):
Event: 0.375 GC heap before
{Heap before GC invocations=0 (full 0):
 garbage-first heap   total 264192K, used 30408K [0x00000000e0000000, 0x0000000100000000)
  region size 1024K, 24 young (24576K), 0 survivors (0K)
 Metaspace       used 3918K, capacity 6588K, committed 6784K, reserved 262144K
  class space    used 508K, capacity 772K, committed 896K, reserved 253952K
}
Event: 0.383 GC heap after
{Heap after GC invocations=1 (full 0):
 garbage-first heap   total 264192K, used 9505K [0x00000000e0000000, 0x0000000100000000)
  region size 1024K, 3 young (3072K), 3 survivors (3072K)
 Metaspace       used 3918K, capacity 6588K, committed 6784K, reserved 262144K
  class space    used 508K, capacity 772K, committed 896K, reserved 253952K
}
Event: 1.920 GC heap before
{Heap before GC invocations=1 (full 0):
 garbage-first heap   total 264192K, used 147745K [0x00000000e0000000, 0x0000000100000000)
  region size 1024K, 140 young (143360K), 3 survivors (3072K)
 Metaspace       used 20571K, capacity 21135K, committed 21296K, reserved 272384K
  class space    used 2992K, capacity 3172K, committed 3200K, reserved 253952K
}
Event: 1.933 GC heap after
{Heap after GC invocations=2 (full 0):
 garbage-first heap   total 264192K, used 18198K [0x00000000e0000000, 0x0000000100000000)
  region size 1024K, 12 young (12288K), 12 survivors (12288K)
 Metaspace       used 20571K, capacity 21135K, committed 21296K, reserved 272384K
  class space    used 2992K, capacity 3172K, committed 3200K, reserved 253952K
}
Event: 3.373 GC heap before
{Heap before GC invocations=3 (full 0):
 garbage-first heap   total 264192K, used 126742K [0x00000000e0000000, 0x0000000100000000)
  region size 1024K, 116 young (118784K), 12 survivors (12288K)
 Metaspace       used 32973K, capacity 33928K, committed 34176K, reserved 284672K
  class space    used 4557K, capacity 4921K, committed 4992K, reserved 253952K
}
Event: 3.388 GC heap after
{Heap after GC invocations=4 (full 0):
 garbage-first heap   total 264192K, used 25309K [0x00000000e0000000, 0x0000000100000000)
  region size 1024K, 8 young (8192K), 8 survivors (8192K)
 Metaspace       used 32973K, capacity 33928K, committed 34176K, reserved 284672K
  class space    used 4557K, capacity 4921K, committed 4992K, reserved 253952K
}
Event: 3.723 GC heap before
{Heap before GC invocations=4 (full 0):
 garbage-first heap   total 264192K, used 61149K [0x00000000e0000000, 0x0000000100000000)
  region size 1024K, 43 young (44032K), 8 survivors (8192K)
 Metaspace       used 34761K, capacity 35858K, committed 35968K, reserved 284672K
  class space    used 4775K, capacity 5202K, committed 5248K, reserved 253952K
}
Event: 3.734 GC heap after
{Heap after GC invocations=5 (full 0):
 garbage-first heap   total 264192K, used 33643K [0x00000000e0000000, 0x0000000100000000)
  region size 1024K, 14 young (14336K), 14 survivors (14336K)
 Metaspace       used 34761K, capacity 35858K, committed 35968K, reserved 284672K
  class space    used 4775K, capacity 5202K, committed 5248K, reserved 253952K
}
Event: 5.338 GC heap before
{Heap before GC invocations=6 (full 0):
 garbage-first heap   total 264192K, used 174955K [0x00000000e0000000, 0x0000000100000000)
  region size 1024K, 152 young (155648K), 14 survivors (14336K)
 Metaspace       used 50051K, capacity 51720K, committed 51968K, reserved 299008K
  class space    used 6712K, capacity 7336K, committed 7424K, reserved 253952K
}
Event: 5.358 GC heap after
{Heap after GC invocations=7 (full 0):
 garbage-first heap   total 264192K, used 44619K [0x00000000e0000000, 0x0000000100000000)
  region size 1024K, 18 young (18432K), 18 survivors (18432K)
 Metaspace       used 50051K, capacity 51720K, committed 51968K, reserved 299008K
  class space    used 6712K, capacity 7336K, committed 7424K, reserved 253952K
}
Event: 6.452 GC heap before
{Heap before GC invocations=7 (full 0):
 garbage-first heap   total 264192K, used 137803K [0x00000000e0000000, 0x0000000100000000)
  region size 1024K, 110 young (112640K), 18 survivors (18432K)
 Metaspace       used 58615K, capacity 60270K, committed 60376K, reserved 307200K
  class space    used 7959K, capacity 8605K, committed 8664K, reserved 253952K
}
Event: 6.474 GC heap after
{Heap after GC invocations=8 (full 0):
 garbage-first heap   total 264192K, used 51373K [0x00000000e0000000, 0x0000000100000000)
  region size 1024K, 7 young (7168K), 7 survivors (7168K)
 Metaspace       used 58615K, capacity 60270K, committed 60376K, reserved 307200K
  class space    used 7959K, capacity 8605K, committed 8664K, reserved 253952K
}
Event: 12.169 GC heap before
{Heap before GC invocations=9 (full 0):
 garbage-first heap   total 264192K, used 193709K [0x00000000e0000000, 0x0000000100000000)
  region size 1024K, 146 young (149504K), 7 survivors (7168K)
 Metaspace       used 66173K, capacity 68110K, committed 68312K, reserved 313344K
  class space    used 8864K, capacity 9583K, committed 9688K, reserved 253952K
}
Event: 12.189 GC heap after
{Heap after GC invocations=10 (full 0):
 garbage-first heap   total 264192K, used 55539K [0x00000000e0000000, 0x0000000100000000)
  region size 1024K, 11 young (11264K), 11 survivors (11264K)
 Metaspace       used 66173K, capacity 68110K, committed 68312K, reserved 313344K
  class space    used 8864K, capacity 9583K, committed 9688K, reserved 253952K
}
Event: 59.602 GC heap before
{Heap before GC invocations=10 (full 0):
 garbage-first heap   total 264192K, used 197875K [0x00000000e0000000, 0x0000000100000000)
  region size 1024K, 150 young (153600K), 11 survivors (11264K)
 Metaspace       used 66300K, capacity 68255K, committed 68568K, reserved 313344K
  class space    used 8865K, capacity 9585K, committed 9688K, reserved 253952K
}
Event: 59.643 GC heap after
{Heap after GC invocations=11 (full 0):
 garbage-first heap   total 264192K, used 55902K [0x00000000e0000000, 0x0000000100000000)
  region size 1024K, 6 young (6144K), 6 survivors (6144K)
 Metaspace       used 66300K, capacity 68255K, committed 68568K, reserved 313344K
  class space    used 8865K, capacity 9585K, committed 9688K, reserved 253952K
}
Event: 110.828 GC heap before
{Heap before GC invocations=11 (full 0):
 garbage-first heap   total 264192K, used 202334K [0x00000000e0000000, 0x0000000100000000)
  region size 1024K, 149 young (152576K), 6 survivors (6144K)
 Metaspace       used 73390K, capacity 75468K, committed 75736K, reserved 319488K
  class space    used 9614K, capacity 10370K, committed 10456K, reserved 253952K
}
Event: 110.842 GC heap after
{Heap after GC invocations=12 (full 0):
 garbage-first heap   total 264192K, used 59477K [0x00000000e0000000, 0x0000000100000000)
  region size 1024K, 9 young (9216K), 9 survivors (9216K)
 Metaspace       used 73390K, capacity 75468K, committed 75736K, reserved 319488K
  class space    used 9614K, capacity 10370K, committed 10456K, reserved 253952K
}
Event: 113.814 GC heap before
{Heap before GC invocations=12 (full 0):
 garbage-first heap   total 264192K, used 230485K [0x00000000e0000000, 0x0000000100000000)
  region size 1024K, 113 young (115712K), 9 survivors (9216K)
 Metaspace       used 76251K, capacity 78417K, committed 78680K, reserved 323584K
  class space    used 9975K, capacity 10791K, committed 10840K, reserved 253952K
}
Event: 113.825 GC heap after
{Heap after GC invocations=13 (full 0):
 garbage-first heap   total 264192K, used 89027K [0x00000000e0000000, 0x0000000100000000)
  region size 1024K, 20 young (20480K), 20 survivors (20480K)
 Metaspace       used 76251K, capacity 78417K, committed 78680K, reserved 323584K
  class space    used 9975K, capacity 10791K, committed 10840K, reserved 253952K
}

