# JRE version: OpenJDK Runtime Environment (11.0.11+9) (build 11.0.11+9-Ubuntu-0ubuntu2.20.04)
# Java VM: OpenJDK 64-Bit Server VM (11.0.11+9-Ubuntu-0ubuntu2.20.04, mixed mode, sharing, tiered, compressed oops, g1 gc, linux-amd64)
Heap:
 garbage-first heap   total 264192K, used 85441K [0x00000000e0000000, 0x0000000100000000)
  region size 1024K, 35 young (35840K), 17 survivors (17408K)
 Metaspace       used 71603K, capacity 74330K, committed 74704K, reserved 319488K
  class space    used 9158K, capacity 10189K, committed 10316K, reserved 253952K
GC Heap History (20 events):
Event: 19.641 GC heap before
{Heap before GC invocations=6 (full 0):
 garbage-first heap   total 264192K, used 173509K [0x00000000e0000000, 0x0000000100000000)
  region size 1024K, 153 young (156672K), 9 survivors (9216K)
 Metaspace       used 47392K, capacity 48559K, committed 48764K, reserved 296960K
  class space    used 6046K, capacity 6538K, committed 6604K, reserved 253952K
}
Event: 19.669 GC heap after
{Heap after GC invocations=7 (full 0):
 garbage-first heap   total 264192K, used 34448K [0x00000000e0000000, 0x0000000100000000)
  region size 1024K, 17 young (17408K), 17 survivors (17408K)
 Metaspace       used 47392K, capacity 48559K, committed 48764K, reserved 296960K
  class space    used 6046K, capacity 6538K, committed 6604K, reserved 253952K
}
Event: 53.150 GC heap before
{Heap before GC invocations=7 (full 0):
 garbage-first heap   total 264192K, used 172688K [0x00000000e0000000, 0x0000000100000000)
  region size 1024K, 153 young (156672K), 17 survivors (17408K)
 Metaspace       used 48848K, capacity 49990K, committed 50428K, reserved 299008K
  class space    used 6124K, capacity 6601K, committed 6732K, reserved 253952K
}
Event: 53.178 GC heap after
{Heap after GC invocations=8 (full 0):
 garbage-first heap   total 264192K, used 35325K [0x00000000e0000000, 0x0000000100000000)
  region size 1024K, 10 young (10240K), 10 survivors (10240K)
 Metaspace       used 48848K, capacity 49990K, committed 50428K, reserved 299008K
  class space    used 6124K, capacity 6601K, committed 6732K, reserved 253952K
}
Event: 68.103 GC heap before
{Heap before GC invocations=8 (full 0):
 garbage-first heap   total 264192K, used 180733K [0x00000000e0000000, 0x0000000100000000)
  region size 1024K, 153 young (156672K), 10 survivors (10240K)
 Metaspace       used 49187K, capacity 50336K, committed 50684K, reserved 299008K
  class space    used 6170K, capacity 6650K, committed 6732K, reserved 253952K
}
Event: 68.110 GC heap after
{Heap after GC invocations=9 (full 0):
 garbage-first heap   total 264192K, used 47311K [0x00000000e0000000, 0x0000000100000000)
  region size 1024K, 20 young (20480K), 20 survivors (20480K)
 Metaspace       used 49187K, capacity 50336K, committed 50684K, reserved 299008K
  class space    used 6170K, capacity 6650K, committed 6732K, reserved 253952K
}
Event: 68.598 GC heap before
{Heap before GC invocations=9 (full 0):
 garbage-first heap   total 264192K, used 183503K [0x00000000e0000000, 0x0000000100000000)
  region size 1024K, 153 young (156672K), 20 survivors (20480K)
 Metaspace       used 49216K, capacity 50400K, committed 50684K, reserved 299008K
  class space    used 6171K, capacity 6650K, committed 6732K, reserved 253952K
}
Event: 68.603 GC heap after
{Heap after GC invocations=10 (full 0):
 garbage-first heap   total 264192K, used 38178K [0x00000000e0000000, 0x0000000100000000)
  region size 1024K, 3 young (3072K), 3 survivors (3072K)
 Metaspace       used 49216K, capacity 50400K, committed 50684K, reserved 299008K
  class space    used 6171K, capacity 6650K, committed 6732K, reserved 253952K
}
Event: 69.021 GC heap before
{Heap before GC invocations=10 (full 0):
 garbage-first heap   total 264192K, used 193826K [0x00000000e0000000, 0x0000000100000000)
  region size 1024K, 153 young (156672K), 3 survivors (3072K)
 Metaspace       used 49216K, capacity 50400K, committed 50684K, reserved 299008K
  class space    used 6171K, capacity 6650K, committed 6732K, reserved 253952K
}
Event: 69.033 GC heap after
{Heap after GC invocations=11 (full 0):
 garbage-first heap   total 264192K, used 71315K [0x00000000e0000000, 0x0000000100000000)
  region size 1024K, 20 young (20480K), 20 survivors (20480K)
 Metaspace       used 49216K, capacity 50400K, committed 50684K, reserved 299008K
  class space    used 6171K, capacity 6650K, committed 6732K, reserved 253952K
}
Event: 69.359 GC heap before
{Heap before GC invocations=11 (full 0):
 garbage-first heap   total 264192K, used 190099K [0x00000000e0000000, 0x0000000100000000)
  region size 1024K, 136 young (139264K), 20 survivors (20480K)
 Metaspace       used 49222K, capacity 50400K, committed 50684K, reserved 299008K
  class space    used 6171K, capacity 6650K, committed 6732K, reserved 253952K
}
Event: 69.360 GC heap after
{Heap after GC invocations=12 (full 0):
 garbage-first heap   total 264192K, used 53731K [0x00000000e0000000, 0x0000000100000000)
  region size 1024K, 3 young (3072K), 3 survivors (3072K)
 Metaspace       used 49222K, capacity 50400K, committed 50684K, reserved 299008K
  class space    used 6171K, capacity 6650K, committed 6732K, reserved 253952K
}
Event: 70.235 GC heap before
{Heap before GC invocations=12 (full 0):
 garbage-first heap   total 264192K, used 198115K [0x00000000e0000000, 0x0000000100000000)
  region size 1024K, 143 young (146432K), 3 survivors (3072K)
 Metaspace       used 56877K, capacity 58421K, committed 58620K, reserved 305152K
  class space    used 7114K, capacity 7748K, committed 7756K, reserved 253952K
}
Event: 70.239 GC heap after
{Heap after GC invocations=13 (full 0):
 garbage-first heap   total 264192K, used 59539K [0x00000000e0000000, 0x0000000100000000)
  region size 1024K, 7 young (7168K), 7 survivors (7168K)
 Metaspace       used 56877K, capacity 58421K, committed 58620K, reserved 305152K
  class space    used 7114K, capacity 7748K, committed 7756K, reserved 253952K
}
Event: 70.462 GC heap before
{Heap before GC invocations=13 (full 0):
 garbage-first heap   total 264192K, used 86163K [0x00000000e0000000, 0x0000000100000000)
  region size 1024K, 35 young (35840K), 7 survivors (7168K)
 Metaspace       used 58635K, capacity 60140K, committed 60368K, reserved 307200K
  class space    used 7348K, capacity 7953K, committed 8012K, reserved 253952K
}
Event: 70.466 GC heap after
{Heap after GC invocations=14 (full 0):
 garbage-first heap   total 264192K, used 62799K [0x00000000e0000000, 0x0000000100000000)
  region size 1024K, 10 young (10240K), 10 survivors (10240K)
 Metaspace       used 58635K, capacity 60140K, committed 60368K, reserved 307200K
  class space    used 7348K, capacity 7953K, committed 8012K, reserved 253952K
}
Event: 71.897 GC heap before
{Heap before GC invocations=15 (full 0):
 garbage-first heap   total 264192K, used 174415K [0x00000000e0000000, 0x0000000100000000)
  region size 1024K, 129 young (132096K), 10 survivors (10240K)
 Metaspace       used 65838K, capacity 67783K, committed 68176K, reserved 313344K
  class space    used 8306K, capacity 9038K, committed 9164K, reserved 253952K
}
Event: 71.909 GC heap after
{Heap after GC invocations=16 (full 0):
 garbage-first heap   total 264192K, used 57809K [0x00000000e0000000, 0x0000000100000000)
  region size 1024K, 10 young (10240K), 10 survivors (10240K)
 Metaspace       used 65838K, capacity 67783K, committed 68176K, reserved 313344K
  class space    used 8306K, capacity 9038K, committed 9164K, reserved 253952K
}
Event: 77.903 GC heap before
{Heap before GC invocations=17 (full 0):
 garbage-first heap   total 264192K, used 184785K [0x00000000e0000000, 0x0000000100000000)
  region size 1024K, 135 young (138240K), 10 survivors (10240K)
 Metaspace       used 71474K, capacity 74265K, committed 74448K, reserved 319488K
  class space    used 9158K, capacity 10189K, committed 10316K, reserved 253952K
}
Event: 77.930 GC heap after
{Heap after GC invocations=18 (full 0):
 garbage-first heap   total 264192K, used 68033K [0x00000000e0000000, 0x0000000100000000)
  region size 1024K, 17 young (17408K), 17 survivors (17408K)
 Metaspace       used 71474K, capacity 74265K, committed 74448K, reserved 319488K
  class space    used 9158K, capacity 10189K, committed 10316K, reserved 253952K
}

