# JRE version: OpenJDK Runtime Environment (11.0.11+9) (build 11.0.11+9-Ubuntu-0ubuntu2.20.04)
# Java VM: OpenJDK 64-Bit Server VM (11.0.11+9-Ubuntu-0ubuntu2.20.04, mixed mode, sharing, tiered, compressed oops, g1 gc, linux-amd64)
Heap:
 garbage-first heap   total 264192K, used 119697K [0x00000000e0000000, 0x0000000100000000)
  region size 1024K, 65 young (66560K), 7 survivors (7168K)
 Metaspace       used 65955K, capacity 68092K, committed 68432K, reserved 313344K
  class space    used 8709K, capacity 9523K, committed 9632K, reserved 253952K
GC Heap History (16 events):
Event: 0.418 GC heap before
{Heap before GC invocations=0 (full 0):
 garbage-first heap   total 264192K, used 30408K [0x00000000e0000000, 0x0000000100000000)
  region size 1024K, 24 young (24576K), 0 survivors (0K)
 Metaspace       used 3900K, capacity 6588K, committed 6784K, reserved 262144K
  class space    used 508K, capacity 772K, committed 896K, reserved 253952K
}
Event: 0.426 GC heap after
{Heap after GC invocations=1 (full 0):
 garbage-first heap   total 264192K, used 8818K [0x00000000e0000000, 0x0000000100000000)
  region size 1024K, 3 young (3072K), 3 survivors (3072K)
 Metaspace       used 3900K, capacity 6588K, committed 6784K, reserved 262144K
  class space    used 508K, capacity 772K, committed 896K, reserved 253952K
}
Event: 1.630 GC heap before
{Heap before GC invocations=1 (full 0):
 garbage-first heap   total 264192K, used 147058K [0x00000000e0000000, 0x0000000100000000)
  region size 1024K, 140 young (143360K), 3 survivors (3072K)
 Metaspace       used 20520K, capacity 21071K, committed 21296K, reserved 272384K
  class space    used 2986K, capacity 3172K, committed 3200K, reserved 253952K
}
Event: 1.643 GC heap after
{Heap after GC invocations=2 (full 0):
 garbage-first heap   total 264192K, used 18090K [0x00000000e0000000, 0x0000000100000000)
  region size 1024K, 13 young (13312K), 13 survivors (13312K)
 Metaspace       used 20520K, capacity 21071K, committed 21296K, reserved 272384K
  class space    used 2986K, capacity 3172K, committed 3200K, reserved 253952K
}
Event: 3.306 GC heap before
{Heap before GC invocations=3 (full 0):
 garbage-first heap   total 264192K, used 126634K [0x00000000e0000000, 0x0000000100000000)
  region size 1024K, 117 young (119808K), 13 survivors (13312K)
 Metaspace       used 32732K, capacity 33643K, committed 34044K, reserved 284672K
  class space    used 4526K, capacity 4890K, committed 4940K, reserved 253952K
}
Event: 3.318 GC heap after
{Heap after GC invocations=4 (full 0):
 garbage-first heap   total 264192K, used 26176K [0x00000000e0000000, 0x0000000100000000)
  region size 1024K, 8 young (8192K), 8 survivors (8192K)
 Metaspace       used 32732K, capacity 33643K, committed 34044K, reserved 284672K
  class space    used 4526K, capacity 4890K, committed 4940K, reserved 253952K
}
Event: 3.694 GC heap before
{Heap before GC invocations=4 (full 0):
 garbage-first heap   total 264192K, used 65088K [0x00000000e0000000, 0x0000000100000000)
  region size 1024K, 46 young (47104K), 8 survivors (8192K)
 Metaspace       used 34776K, capacity 35836K, committed 35964K, reserved 284672K
  class space    used 4778K, capacity 5212K, committed 5324K, reserved 253952K
}
Event: 3.706 GC heap after
{Heap after GC invocations=5 (full 0):
 garbage-first heap   total 264192K, used 34782K [0x00000000e0000000, 0x0000000100000000)
  region size 1024K, 15 young (15360K), 15 survivors (15360K)
 Metaspace       used 34776K, capacity 35836K, committed 35964K, reserved 284672K
  class space    used 4778K, capacity 5212K, committed 5324K, reserved 253952K
}
Event: 4.713 GC heap before
{Heap before GC invocations=6 (full 0):
 garbage-first heap   total 264192K, used 143326K [0x00000000e0000000, 0x0000000100000000)
  region size 1024K, 121 young (123904K), 15 survivors (15360K)
 Metaspace       used 47262K, capacity 48644K, committed 48892K, reserved 296960K
  class space    used 6319K, capacity 6902K, committed 6988K, reserved 253952K
}
Event: 4.727 GC heap after
{Heap after GC invocations=7 (full 0):
 garbage-first heap   total 264192K, used 43118K [0x00000000e0000000, 0x0000000100000000)
  region size 1024K, 15 young (15360K), 15 survivors (15360K)
 Metaspace       used 47262K, capacity 48644K, committed 48892K, reserved 296960K
  class space    used 6319K, capacity 6902K, committed 6988K, reserved 253952K
}
Event: 6.718 GC heap before
{Heap before GC invocations=7 (full 0):
 garbage-first heap   total 264192K, used 168046K [0x00000000e0000000, 0x0000000100000000)
  region size 1024K, 137 young (140288K), 15 survivors (15360K)
 Metaspace       used 57989K, capacity 59980K, committed 60284K, reserved 307200K
  class space    used 7836K, capacity 8601K, committed 8652K, reserved 253952K
}
Event: 6.733 GC heap after
{Heap after GC invocations=8 (full 0):
 garbage-first heap   total 264192K, used 54396K [0x00000000e0000000, 0x0000000100000000)
  region size 1024K, 18 young (18432K), 18 survivors (18432K)
 Metaspace       used 57989K, capacity 59980K, committed 60284K, reserved 307200K
  class space    used 7836K, capacity 8601K, committed 8652K, reserved 253952K
}
Event: 6.799 GC heap before
{Heap before GC invocations=8 (full 0):
 garbage-first heap   total 264192K, used 59516K [0x00000000e0000000, 0x0000000100000000)
  region size 1024K, 24 young (24576K), 18 survivors (18432K)
 Metaspace       used 58210K, capacity 60210K, committed 60368K, reserved 307200K
  class space    used 7866K, capacity 8651K, committed 8736K, reserved 253952K
}
Event: 6.815 GC heap after
{Heap after GC invocations=9 (full 0):
 garbage-first heap   total 264192K, used 57624K [0x00000000e0000000, 0x0000000100000000)
  region size 1024K, 3 young (3072K), 3 survivors (3072K)
 Metaspace       used 58210K, capacity 60210K, committed 60368K, reserved 307200K
  class space    used 7866K, capacity 8651K, committed 8736K, reserved 253952K
}
Event: 12.930 GC heap before
{Heap before GC invocations=10 (full 0):
 garbage-first heap   total 264192K, used 140568K [0x00000000e0000000, 0x0000000100000000)
  region size 1024K, 84 young (86016K), 3 survivors (3072K)
 Metaspace       used 65161K, capacity 67369K, committed 67664K, reserved 313344K
  class space    used 8705K, capacity 9522K, committed 9632K, reserved 253952K
}
Event: 12.948 GC heap after
{Heap after GC invocations=11 (full 0):
 garbage-first heap   total 264192K, used 61329K [0x00000000e0000000, 0x0000000100000000)
  region size 1024K, 7 young (7168K), 7 survivors (7168K)
 Metaspace       used 65161K, capacity 67369K, committed 67664K, reserved 313344K
  class space    used 8705K, capacity 9522K, committed 9632K, reserved 253952K
}

