# JRE version: OpenJDK Runtime Environment (11.0.11+9) (build 11.0.11+9-Ubuntu-0ubuntu2.20.04)
# Java VM: OpenJDK 64-Bit Server VM (11.0.11+9-Ubuntu-0ubuntu2.20.04, mixed mode, sharing, tiered, compressed oops, g1 gc, linux-amd64)
Heap:
 garbage-first heap   total 264192K, used 72899K [0x00000000e0000000, 0x0000000100000000)
  region size 1024K, 21 young (21504K), 7 survivors (7168K)
 Metaspace       used 65493K, capacity 67654K, committed 67996K, reserved 313344K
  class space    used 8689K, capacity 9487K, committed 9548K, reserved 253952K
GC Heap History (16 events):
Event: 0.347 GC heap before
{Heap before GC invocations=0 (full 0):
 garbage-first heap   total 264192K, used 30408K [0x00000000e0000000, 0x0000000100000000)
  region size 1024K, 24 young (24576K), 0 survivors (0K)
 Metaspace       used 3897K, capacity 6588K, committed 6784K, reserved 262144K
  class space    used 508K, capacity 772K, committed 896K, reserved 253952K
}
Event: 0.354 GC heap after
{Heap after GC invocations=1 (full 0):
 garbage-first heap   total 264192K, used 8728K [0x00000000e0000000, 0x0000000100000000)
  region size 1024K, 3 young (3072K), 3 survivors (3072K)
 Metaspace       used 3897K, capacity 6588K, committed 6784K, reserved 262144K
  class space    used 508K, capacity 772K, committed 896K, reserved 253952K
}
Event: 1.539 GC heap before
{Heap before GC invocations=1 (full 0):
 garbage-first heap   total 264192K, used 146968K [0x00000000e0000000, 0x0000000100000000)
  region size 1024K, 140 young (143360K), 3 survivors (3072K)
 Metaspace       used 20527K, capacity 21071K, committed 21296K, reserved 272384K
  class space    used 2986K, capacity 3172K, committed 3200K, reserved 253952K
}
Event: 1.553 GC heap after
{Heap after GC invocations=2 (full 0):
 garbage-first heap   total 264192K, used 18470K [0x00000000e0000000, 0x0000000100000000)
  region size 1024K, 13 young (13312K), 13 survivors (13312K)
 Metaspace       used 20527K, capacity 21071K, committed 21296K, reserved 272384K
  class space    used 2986K, capacity 3172K, committed 3200K, reserved 253952K
}
Event: 3.137 GC heap before
{Heap before GC invocations=3 (full 0):
 garbage-first heap   total 264192K, used 127014K [0x00000000e0000000, 0x0000000100000000)
  region size 1024K, 117 young (119808K), 13 survivors (13312K)
 Metaspace       used 32705K, capacity 33579K, committed 34044K, reserved 284672K
  class space    used 4526K, capacity 4890K, committed 4940K, reserved 253952K
}
Event: 3.150 GC heap after
{Heap after GC invocations=4 (full 0):
 garbage-first heap   total 264192K, used 25646K [0x00000000e0000000, 0x0000000100000000)
  region size 1024K, 8 young (8192K), 8 survivors (8192K)
 Metaspace       used 32705K, capacity 33579K, committed 34044K, reserved 284672K
  class space    used 4526K, capacity 4890K, committed 4940K, reserved 253952K
}
Event: 3.511 GC heap before
{Heap before GC invocations=4 (full 0):
 garbage-first heap   total 264192K, used 63534K [0x00000000e0000000, 0x0000000100000000)
  region size 1024K, 45 young (46080K), 8 survivors (8192K)
 Metaspace       used 34693K, capacity 35806K, committed 35964K, reserved 284672K
  class space    used 4770K, capacity 5202K, committed 5324K, reserved 253952K
}
Event: 3.521 GC heap after
{Heap after GC invocations=5 (full 0):
 garbage-first heap   total 264192K, used 34319K [0x00000000e0000000, 0x0000000100000000)
  region size 1024K, 15 young (15360K), 15 survivors (15360K)
 Metaspace       used 34693K, capacity 35806K, committed 35964K, reserved 284672K
  class space    used 4770K, capacity 5202K, committed 5324K, reserved 253952K
}
Event: 4.488 GC heap before
{Heap before GC invocations=6 (full 0):
 garbage-first heap   total 264192K, used 146959K [0x00000000e0000000, 0x0000000100000000)
  region size 1024K, 125 young (128000K), 15 survivors (15360K)
 Metaspace       used 47317K, capacity 48680K, committed 49052K, reserved 296960K
  class space    used 6327K, capacity 6894K, committed 6988K, reserved 253952K
}
Event: 4.514 GC heap after
{Heap after GC invocations=7 (full 0):
 garbage-first heap   total 264192K, used 42818K [0x00000000e0000000, 0x0000000100000000)
  region size 1024K, 16 young (16384K), 16 survivors (16384K)
 Metaspace       used 47317K, capacity 48680K, committed 49052K, reserved 296960K
  class space    used 6327K, capacity 6894K, committed 6988K, reserved 253952K
}
Event: 6.504 GC heap before
{Heap before GC invocations=7 (full 0):
 garbage-first heap   total 264192K, used 168770K [0x00000000e0000000, 0x0000000100000000)
  region size 1024K, 139 young (142336K), 16 survivors (16384K)
 Metaspace       used 58171K, capacity 60170K, committed 60444K, reserved 307200K
  class space    used 7863K, capacity 8640K, committed 8652K, reserved 253952K
}
Event: 6.518 GC heap after
{Heap after GC invocations=8 (full 0):
 garbage-first heap   total 264192K, used 54107K [0x00000000e0000000, 0x0000000100000000)
  region size 1024K, 18 young (18432K), 18 survivors (18432K)
 Metaspace       used 58171K, capacity 60170K, committed 60444K, reserved 307200K
  class space    used 7863K, capacity 8640K, committed 8652K, reserved 253952K
}
Event: 6.565 GC heap before
{Heap before GC invocations=8 (full 0):
 garbage-first heap   total 264192K, used 56155K [0x00000000e0000000, 0x0000000100000000)
  region size 1024K, 21 young (21504K), 18 survivors (18432K)
 Metaspace       used 58342K, capacity 60402K, committed 60572K, reserved 307200K
  class space    used 7884K, capacity 8667K, committed 8780K, reserved 253952K
}
Event: 6.585 GC heap after
{Heap after GC invocations=9 (full 0):
 garbage-first heap   total 264192K, used 57423K [0x00000000e0000000, 0x0000000100000000)
  region size 1024K, 3 young (3072K), 3 survivors (3072K)
 Metaspace       used 58342K, capacity 60402K, committed 60572K, reserved 307200K
  class space    used 7884K, capacity 8667K, committed 8780K, reserved 253952K
}
Event: 20.484 GC heap before
{Heap before GC invocations=10 (full 0):
 garbage-first heap   total 264192K, used 137295K [0x00000000e0000000, 0x0000000100000000)
  region size 1024K, 81 young (82944K), 3 survivors (3072K)
 Metaspace       used 65353K, capacity 67462K, committed 67740K, reserved 313344K
  class space    used 8689K, capacity 9487K, committed 9548K, reserved 253952K
}
Event: 20.499 GC heap after
{Heap after GC invocations=11 (full 0):
 garbage-first heap   total 264192K, used 60611K [0x00000000e0000000, 0x0000000100000000)
  region size 1024K, 7 young (7168K), 7 survivors (7168K)
 Metaspace       used 65353K, capacity 67462K, committed 67740K, reserved 313344K
  class space    used 8689K, capacity 9487K, committed 9548K, reserved 253952K
}

