# JRE version: OpenJDK Runtime Environment (11.0.11+9) (build 11.0.11+9-Ubuntu-0ubuntu2.20.04)
# Java VM: OpenJDK 64-Bit Server VM (11.0.11+9-Ubuntu-0ubuntu2.20.04, mixed mode, sharing, tiered, compressed oops, g1 gc, linux-amd64)
Heap:
 garbage-first heap   total 425984K, used 241406K [0x00000000e0000000, 0x0000000100000000)
  region size 1024K, 25 young (25600K), 3 survivors (3072K)
 Metaspace       used 109097K, capacity 112653K, committed 112892K, reserved 352256K
  class space    used 13559K, capacity 14897K, committed 14924K, reserved 253952K
GC Heap History (20 events):
Event: 40.996 GC heap before
{Heap before GC invocations=111 (full 0):
 garbage-first heap   total 364544K, used 301745K [0x00000000e0000000, 0x0000000100000000)
  region size 1024K, 117 young (119808K), 1 survivors (1024K)
 Metaspace       used 101615K, capacity 104622K, committed 104828K, reserved 346112K
  class space    used 12819K, capacity 13955K, committed 14028K, reserved 253952K
}
Event: 41.041 GC heap after
{Heap after GC invocations=112 (full 0):
 garbage-first heap   total 364544K, used 218312K [0x00000000e0000000, 0x0000000100000000)
  region size 1024K, 15 young (15360K), 15 survivors (15360K)
 Metaspace       used 101615K, capacity 104622K, committed 104828K, reserved 346112K
  class space    used 12819K, capacity 13955K, committed 14028K, reserved 253952K
}
Event: 41.518 GC heap before
{Heap before GC invocations=112 (full 0):
 garbage-first heap   total 364544K, used 300232K [0x00000000e0000000, 0x0000000100000000)
  region size 1024K, 82 young (83968K), 15 survivors (15360K)
 Metaspace       used 101620K, capacity 104622K, committed 104828K, reserved 346112K
  class space    used 12819K, capacity 13955K, committed 14028K, reserved 253952K
}
Event: 41.543 GC heap after
{Heap after GC invocations=113 (full 0):
 garbage-first heap   total 373760K, used 230756K [0x00000000e0000000, 0x0000000100000000)
  region size 1024K, 6 young (6144K), 6 survivors (6144K)
 Metaspace       used 101620K, capacity 104622K, committed 104828K, reserved 346112K
  class space    used 12819K, capacity 13955K, committed 14028K, reserved 253952K
}
Event: 41.743 GC heap before
{Heap before GC invocations=113 (full 0):
 garbage-first heap   total 373760K, used 290148K [0x00000000e0000000, 0x0000000100000000)
  region size 1024K, 47 young (48128K), 6 survivors (6144K)
 Metaspace       used 102349K, capacity 105431K, committed 105724K, reserved 346112K
  class space    used 12924K, capacity 14048K, committed 14156K, reserved 253952K
}
Event: 41.749 GC heap after
{Heap after GC invocations=114 (full 0):
 garbage-first heap   total 373760K, used 234013K [0x00000000e0000000, 0x0000000100000000)
  region size 1024K, 8 young (8192K), 8 survivors (8192K)
 Metaspace       used 102349K, capacity 105431K, committed 105724K, reserved 346112K
  class space    used 12924K, capacity 14048K, committed 14156K, reserved 253952K
}
Event: 41.800 GC heap before
{Heap before GC invocations=114 (full 0):
 garbage-first heap   total 387072K, used 383517K [0x00000000e0000000, 0x0000000100000000)
  region size 1024K, 28 young (28672K), 8 survivors (8192K)
 Metaspace       used 102357K, capacity 105431K, committed 105724K, reserved 346112K
  class space    used 12924K, capacity 14048K, committed 14156K, reserved 253952K
}
Event: 41.814 GC heap after
{Heap after GC invocations=115 (full 0):
 garbage-first heap   total 401408K, used 285459K [0x00000000e0000000, 0x0000000100000000)
  region size 1024K, 10 young (10240K), 10 survivors (10240K)
 Metaspace       used 102357K, capacity 105431K, committed 105724K, reserved 346112K
  class space    used 12924K, capacity 14048K, committed 14156K, reserved 253952K
}
Event: 44.286 GC heap before
{Heap before GC invocations=116 (full 0):
 garbage-first heap   total 412672K, used 409363K [0x00000000e0000000, 0x0000000100000000)
  region size 1024K, 57 young (58368K), 10 survivors (10240K)
 Metaspace       used 102424K, capacity 105431K, committed 105724K, reserved 346112K
  class space    used 12926K, capacity 14044K, committed 14156K, reserved 253952K
}
Event: 44.301 GC heap after
{Heap after GC invocations=117 (full 0):
 garbage-first heap   total 425984K, used 240456K [0x00000000e0000000, 0x0000000100000000)
  region size 1024K, 8 young (8192K), 8 survivors (8192K)
 Metaspace       used 102424K, capacity 105431K, committed 105724K, reserved 346112K
  class space    used 12926K, capacity 14044K, committed 14156K, reserved 253952K
}
Event: 44.963 GC heap before
{Heap before GC invocations=117 (full 0):
 garbage-first heap   total 425984K, used 297800K [0x00000000e0000000, 0x0000000100000000)
  region size 1024K, 20 young (20480K), 8 survivors (8192K)
 Metaspace       used 102453K, capacity 105496K, committed 105724K, reserved 346112K
  class space    used 12929K, capacity 14044K, committed 14156K, reserved 253952K
}
Event: 44.975 GC heap after
{Heap after GC invocations=118 (full 0):
 garbage-first heap   total 425984K, used 222290K [0x00000000e0000000, 0x0000000100000000)
  region size 1024K, 3 young (3072K), 3 survivors (3072K)
 Metaspace       used 102453K, capacity 105496K, committed 105724K, reserved 346112K
  class space    used 12929K, capacity 14044K, committed 14156K, reserved 253952K
}
Event: 45.556 GC heap before
{Heap before GC invocations=118 (full 0):
 garbage-first heap   total 425984K, used 273490K [0x00000000e0000000, 0x0000000100000000)
  region size 1024K, 20 young (20480K), 3 survivors (3072K)
 Metaspace       used 102457K, capacity 105496K, committed 105724K, reserved 346112K
  class space    used 12929K, capacity 14044K, committed 14156K, reserved 253952K
}
Event: 45.565 GC heap after
{Heap after GC invocations=119 (full 0):
 garbage-first heap   total 425984K, used 249691K [0x00000000e0000000, 0x0000000100000000)
  region size 1024K, 3 young (3072K), 3 survivors (3072K)
 Metaspace       used 102457K, capacity 105496K, committed 105724K, reserved 346112K
  class space    used 12929K, capacity 14044K, committed 14156K, reserved 253952K
}
Event: 45.598 GC heap before
{Heap before GC invocations=119 (full 0):
 garbage-first heap   total 425984K, used 250715K [0x00000000e0000000, 0x0000000100000000)
  region size 1024K, 6 young (6144K), 3 survivors (3072K)
 Metaspace       used 102457K, capacity 105496K, committed 105724K, reserved 346112K
  class space    used 12929K, capacity 14044K, committed 14156K, reserved 253952K
}
Event: 45.606 GC heap after
{Heap after GC invocations=120 (full 0):
 garbage-first heap   total 425984K, used 250563K [0x00000000e0000000, 0x0000000100000000)
  region size 1024K, 4 young (4096K), 4 survivors (4096K)
 Metaspace       used 102457K, capacity 105496K, committed 105724K, reserved 346112K
  class space    used 12929K, capacity 14044K, committed 14156K, reserved 253952K
}
Event: 197.067 GC heap before
{Heap before GC invocations=121 (full 0):
 garbage-first heap   total 425984K, used 299715K [0x00000000e0000000, 0x0000000100000000)
  region size 1024K, 60 young (61440K), 4 survivors (4096K)
 Metaspace       used 107744K, capacity 110878K, committed 111100K, reserved 352256K
  class space    used 13372K, capacity 14589K, committed 14668K, reserved 253952K
}
Event: 197.074 GC heap after
{Heap after GC invocations=122 (full 0):
 garbage-first heap   total 425984K, used 235904K [0x00000000e0000000, 0x0000000100000000)
  region size 1024K, 8 young (8192K), 8 survivors (8192K)
 Metaspace       used 107744K, capacity 110878K, committed 111100K, reserved 352256K
  class space    used 13372K, capacity 14589K, committed 14668K, reserved 253952K
}
Event: 198.354 GC heap before
{Heap before GC invocations=122 (full 0):
 garbage-first heap   total 425984K, used 248192K [0x00000000e0000000, 0x0000000100000000)
  region size 1024K, 20 young (20480K), 8 survivors (8192K)
 Metaspace       used 108283K, capacity 111570K, committed 111996K, reserved 352256K
  class space    used 13435K, capacity 14675K, committed 14796K, reserved 253952K
}
Event: 198.366 GC heap after
{Heap after GC invocations=123 (full 0):
 garbage-first heap   total 425984K, used 219902K [0x00000000e0000000, 0x0000000100000000)
  region size 1024K, 3 young (3072K), 3 survivors (3072K)
 Metaspace       used 108283K, capacity 111570K, committed 111996K, reserved 352256K
  class space    used 13435K, capacity 14675K, committed 14796K, reserved 253952K
}

