# JRE version: OpenJDK Runtime Environment (11.0.11+9) (build 11.0.11+9-Ubuntu-0ubuntu2.20.04)
# Java VM: OpenJDK 64-Bit Server VM (11.0.11+9-Ubuntu-0ubuntu2.20.04, mixed mode, sharing, tiered, compressed oops, g1 gc, linux-amd64)
Heap:
 garbage-first heap   total 264192K, used 49979K [0x00000000e0000000, 0x0000000100000000)
  region size 1024K, 23 young (23552K), 17 survivors (17408K)
 Metaspace       used 48411K, capacity 49914K, committed 50096K, reserved 296960K
  class space    used 6499K, capacity 7109K, committed 7168K, reserved 253952K
GC Heap History (10 events):
Event: 0.694 GC heap before
{Heap before GC invocations=0 (full 0):
 garbage-first heap   total 264192K, used 30408K [0x00000000e0000000, 0x0000000100000000)
  region size 1024K, 24 young (24576K), 0 survivors (0K)
 Metaspace       used 3908K, capacity 6588K, committed 6784K, reserved 262144K
  class space    used 508K, capacity 772K, committed 896K, reserved 253952K
}
Event: 0.705 GC heap after
{Heap after GC invocations=1 (full 0):
 garbage-first heap   total 264192K, used 8994K [0x00000000e0000000, 0x0000000100000000)
  region size 1024K, 3 young (3072K), 3 survivors (3072K)
 Metaspace       used 3908K, capacity 6588K, committed 6784K, reserved 262144K
  class space    used 508K, capacity 772K, committed 896K, reserved 253952K
}
Event: 7.306 GC heap before
{Heap before GC invocations=1 (full 0):
 garbage-first heap   total 264192K, used 143138K [0x00000000e0000000, 0x0000000100000000)
  region size 1024K, 136 young (139264K), 3 survivors (3072K)
 Metaspace       used 20492K, capacity 21023K, committed 21296K, reserved 272384K
  class space    used 2977K, capacity 3172K, committed 3200K, reserved 253952K
}
Event: 7.321 GC heap after
{Heap after GC invocations=2 (full 0):
 garbage-first heap   total 264192K, used 17738K [0x00000000e0000000, 0x0000000100000000)
  region size 1024K, 12 young (12288K), 12 survivors (12288K)
 Metaspace       used 20492K, capacity 21023K, committed 21296K, reserved 272384K
  class space    used 2977K, capacity 3172K, committed 3200K, reserved 253952K
}
Event: 10.331 GC heap before
{Heap before GC invocations=3 (full 0):
 garbage-first heap   total 264192K, used 107850K [0x00000000e0000000, 0x0000000100000000)
  region size 1024K, 98 young (100352K), 12 survivors (12288K)
 Metaspace       used 31206K, capacity 32073K, committed 32304K, reserved 282624K
  class space    used 4309K, capacity 4657K, committed 4736K, reserved 253952K
}
Event: 10.344 GC heap after
{Heap after GC invocations=4 (full 0):
 garbage-first heap   total 264192K, used 26217K [0x00000000e0000000, 0x0000000100000000)
  region size 1024K, 8 young (8192K), 8 survivors (8192K)
 Metaspace       used 31206K, capacity 32073K, committed 32304K, reserved 282624K
  class space    used 4309K, capacity 4657K, committed 4736K, reserved 253952K
}
Event: 15.343 GC heap before
{Heap before GC invocations=4 (full 0):
 garbage-first heap   total 264192K, used 80489K [0x00000000e0000000, 0x0000000100000000)
  region size 1024K, 61 young (62464K), 8 survivors (8192K)
 Metaspace       used 34665K, capacity 35775K, committed 35888K, reserved 284672K
  class space    used 4767K, capacity 5182K, committed 5248K, reserved 253952K
}
Event: 15.359 GC heap after
{Heap after GC invocations=5 (full 0):
 garbage-first heap   total 264192K, used 34942K [0x00000000e0000000, 0x0000000100000000)
  region size 1024K, 15 young (15360K), 15 survivors (15360K)
 Metaspace       used 34665K, capacity 35775K, committed 35888K, reserved 284672K
  class space    used 4767K, capacity 5182K, committed 5248K, reserved 253952K
}
Event: 19.137 GC heap before
{Heap before GC invocations=6 (full 0):
 garbage-first heap   total 264192K, used 158846K [0x00000000e0000000, 0x0000000100000000)
  region size 1024K, 136 young (139264K), 15 survivors (15360K)
 Metaspace       used 48382K, capacity 49914K, committed 50096K, reserved 296960K
  class space    used 6496K, capacity 7109K, committed 7168K, reserved 253952K
}
Event: 19.147 GC heap after
{Heap after GC invocations=7 (full 0):
 garbage-first heap   total 264192K, used 44859K [0x00000000e0000000, 0x0000000100000000)
  region size 1024K, 17 young (17408K), 17 survivors (17408K)
 Metaspace       used 48382K, capacity 49914K, committed 50096K, reserved 296960K
  class space    used 6496K, capacity 7109K, committed 7168K, reserved 253952K
}

